{"name": "test_buy_product", "status": "broken", "statusDetails": {"message": "selenium.common.exceptions.TimeoutException: Message: \nStacktrace:\nBacktrace:\n\t(No symbol) [0x00F5F243]\n\t(No symbol) [0x00EE7FD1]\n\t(No symbol) [0x00DDD04D]\n\t(No symbol) [0x00E0C0B0]\n\t(No symbol) [0x00E0C22B]\n\t(No symbol) [0x00E3E612]\n\t(No symbol) [0x00E285D4]\n\t(No symbol) [0x00E3C9EB]\n\t(No symbol) [0x00E28386]\n\t(No symbol) [0x00E0163C]\n\t(No symbol) [0x00E0269D]\n\tGetHandleVerifier [0x011F9A22+2655074]\n\tGetHandleVerifier [0x011ECA24+2601828]\n\tGetHandleVerifier [0x01008C0A+619850]\n\tGetHandleVerifier [0x01007830+614768]\n\t(No symbol) [0x00EF05FC]\n\t(No symbol) [0x00EF5968]\n\t(No symbol) [0x00EF5A55]\n\t(No symbol) [0x00F0051B]\n\tBaseThreadInitThunk [0x765200F9+25]\n\tRtlGetAppContainerNamedObjectPath [0x77C57BBE+286]\n\tRtlGetAppContainerNamedObjectPath [0x77C57B8E+238]", "trace": "set_group = None\n\n    @allure.description(\"Test buy product\")\n    def test_buy_product(set_group):\n        driver = webdriver.Chrome()\n        options = webdriver.ChromeOptions()\n        options.add_experimental_option('excludeSwitches',[ 'enable-logging' ])\n        driver = webdriver.Chrome(options=options)\n        # driver = webdriver.Chrome(executable_path=r\"C:\\chromedriver\\chromedriver.exe\")\n    \n        print(\"---- Start Test ----\")\n    \n        login = Login_page(driver)\n        login.authorization()\n    \n        mp = Main_page(driver)\n>       mp.select_product()\n\ntests\\test_buy_product.py:26: \n_ _ _ _ _ _ _ _ _ _ _ _ _ _ _ _ _ _ _ _ _ _ _ _ _ _ _ _ _ _ _ _ _ _ _ _ _ _ _ _ _ _ _ _ _ _ _ _ _ _ _ _ _ _ _ _ _ _ _ _ _ _ _ _ _ _ _ _ _ _ _ _ _ _ _ _ _ _ _ _ _ _ _ _ _ _ \npages\\main_page.py:64: in select_product\n    self.click_select_product_1()\npages\\main_page.py:43: in click_select_product_1\n    self.get_select_product_1().click()\npages\\main_page.py:29: in get_select_product_1\n    return WebDriverWait(self.driver, 30).until(EC.element_to_be_clickable((By.XPATH, self.select_product_1)))\n_ _ _ _ _ _ _ _ _ _ _ _ _ _ _ _ _ _ _ _ _ _ _ _ _ _ _ _ _ _ _ _ _ _ _ _ _ _ _ _ _ _ _ _ _ _ _ _ _ _ _ _ _ _ _ _ _ _ _ _ _ _ _ _ _ _ _ _ _ _ _ _ _ _ _ _ _ _ _ _ _ _ _ _ _ _ \n\nself = <selenium.webdriver.support.wait.WebDriverWait (session=\"838764454e44b45be8dbb977ffd4b5d3\")>\nmethod = <function element_to_be_clickable.<locals>._predicate at 0x000002830E49CD30>, message = ''\n\n    def until(self, method, message: str = \"\"):\n        \"\"\"Calls the method provided with the driver as an argument until the \\\n        return value does not evaluate to ``False``.\n    \n        :param method: callable(WebDriver)\n        :param message: optional message for :exc:`TimeoutException`\n        :returns: the result of the last call to `method`\n        :raises: :exc:`selenium.common.exceptions.TimeoutException` if timeout occurs\n        \"\"\"\n        screen = None\n        stacktrace = None\n    \n        end_time = time.monotonic() + self._timeout\n        while True:\n            try:\n                value = method(self._driver)\n                if value:\n                    return value\n            except self._ignored_exceptions as exc:\n                screen = getattr(exc, \"screen\", None)\n                stacktrace = getattr(exc, \"stacktrace\", None)\n            time.sleep(self._poll)\n            if time.monotonic() > end_time:\n                break\n>       raise TimeoutException(message, screen, stacktrace)\nE       selenium.common.exceptions.TimeoutException: Message: \nE       Stacktrace:\nE       Backtrace:\nE       \t(No symbol) [0x00F5F243]\nE       \t(No symbol) [0x00EE7FD1]\nE       \t(No symbol) [0x00DDD04D]\nE       \t(No symbol) [0x00E0C0B0]\nE       \t(No symbol) [0x00E0C22B]\nE       \t(No symbol) [0x00E3E612]\nE       \t(No symbol) [0x00E285D4]\nE       \t(No symbol) [0x00E3C9EB]\nE       \t(No symbol) [0x00E28386]\nE       \t(No symbol) [0x00E0163C]\nE       \t(No symbol) [0x00E0269D]\nE       \tGetHandleVerifier [0x011F9A22+2655074]\nE       \tGetHandleVerifier [0x011ECA24+2601828]\nE       \tGetHandleVerifier [0x01008C0A+619850]\nE       \tGetHandleVerifier [0x01007830+614768]\nE       \t(No symbol) [0x00EF05FC]\nE       \t(No symbol) [0x00EF5968]\nE       \t(No symbol) [0x00EF5A55]\nE       \t(No symbol) [0x00F0051B]\nE       \tBaseThreadInitThunk [0x765200F9+25]\nE       \tRtlGetAppContainerNamedObjectPath [0x77C57BBE+286]\nE       \tRtlGetAppContainerNamedObjectPath [0x77C57B8E+238]\n\nvenv\\lib\\site-packages\\selenium\\webdriver\\support\\wait.py:95: TimeoutException"}, "description": "Test buy product", "steps": [{"name": "Authorization", "status": "passed", "start": 1672258777858, "stop": 1672258779018}, {"name": "Select product", "status": "broken", "statusDetails": {"message": "selenium.common.exceptions.TimeoutException: Message: \nStacktrace:\nBacktrace:\n\t(No symbol) [0x00F5F243]\n\t(No symbol) [0x00EE7FD1]\n\t(No symbol) [0x00DDD04D]\n\t(No symbol) [0x00E0C0B0]\n\t(No symbol) [0x00E0C22B]\n\t(No symbol) [0x00E3E612]\n\t(No symbol) [0x00E285D4]\n\t(No symbol) [0x00E3C9EB]\n\t(No symbol) [0x00E28386]\n\t(No symbol) [0x00E0163C]\n\t(No symbol) [0x00E0269D]\n\tGetHandleVerifier [0x011F9A22+2655074]\n\tGetHandleVerifier [0x011ECA24+2601828]\n\tGetHandleVerifier [0x01008C0A+619850]\n\tGetHandleVerifier [0x01007830+614768]\n\t(No symbol) [0x00EF05FC]\n\t(No symbol) [0x00EF5968]\n\t(No symbol) [0x00EF5A55]\n\t(No symbol) [0x00F0051B]\n\tBaseThreadInitThunk [0x765200F9+25]\n\tRtlGetAppContainerNamedObjectPath [0x77C57BBE+286]\n\tRtlGetAppContainerNamedObjectPath [0x77C57B8E+238]\n\n", "trace": "  File \"C:\\drive_d\\GIT\\main_project_auto\\pages\\main_page.py\", line 64, in select_product\n    self.click_select_product_1()\n  File \"C:\\drive_d\\GIT\\main_project_auto\\pages\\main_page.py\", line 43, in click_select_product_1\n    self.get_select_product_1().click()\n  File \"C:\\drive_d\\GIT\\main_project_auto\\pages\\main_page.py\", line 29, in get_select_product_1\n    return WebDriverWait(self.driver, 30).until(EC.element_to_be_clickable((By.XPATH, self.select_product_1)))\n  File \"C:\\drive_d\\GIT\\main_project_auto\\venv\\lib\\site-packages\\selenium\\webdriver\\support\\wait.py\", line 95, in until\n    raise TimeoutException(message, screen, stacktrace)\n"}, "start": 1672258779019, "stop": 1672258809172}], "attachments": [{"name": "stdout", "source": "c8d41b03-e3ac-4d03-9b9c-308d6d9e08bf-attachment.txt", "type": "text/plain"}], "start": 1672258773185, "stop": 1672258809177, "uuid": "a550b9f1-05da-408b-9640-3013a94da39b", "historyId": "63e9e0b072a045a42b46a9fee7128ac4", "testCaseId": "22557127bd8e5c9d27d61f44787213b8", "fullName": "tests.test_buy_product#test_buy_product", "labels": [{"name": "parentSuite", "value": "tests"}, {"name": "suite", "value": "test_buy_product"}, {"name": "host", "value": "zabolev"}, {"name": "thread", "value": "32472-MainThread"}, {"name": "framework", "value": "pytest"}, {"name": "language", "value": "cpython3"}, {"name": "package", "value": "tests.test_buy_product"}]}